<?xml version="1.0" encoding="UTF-8"?>
<!-- Generated by org.testng.reporters.JUnitXMLReporter -->
<testsuite hostname="Praveen-MacBook-Air.local" ignored="0" name="Default test" tests="3" failures="0" timestamp="2019-12-19T16:43:52 IST" time="27.066" errors="0">
  <testcase name="logoPresence" time="10.165" classname="com.AllureReports.Tests1"/>
  <testcase name="loginTest" time="6.988" classname="com.AllureReports.Tests1"/>
  <testcase name="registrationTest" time="5.01" classname="com.AllureReports.Tests1">
    <skipped/>
  </testcase> <!-- registrationTest -->
</testsuite> <!-- Default test -->
