-------------------------------------------------------------------------------
Test set: TestSuite
-------------------------------------------------------------------------------
Tests run: 3, Failures: 1, Errors: 0, Skipped: 1, Time elapsed: 46.272 s <<< FAILURE! - in TestSuite
loginTest(com.AllureReports.Tests1)  Time elapsed: 6.148 s  <<< FAILURE!
java.lang.AssertionError: expected [nopCommerce demo store.] but found [nopCommerce demo store]
	at com.AllureReports.Tests1.loginTest(Tests1.java:64)

