<?xml version="1.0" encoding="UTF-8"?>
<testsuite xmlns:xsi="http://www.w3.org/2001/XMLSchema-instance" xsi:noNamespaceSchemaLocation="https://maven.apache.org/surefire/maven-surefire-plugin/xsd/surefire-test-report.xsd" name="TestSuite" time="46.272" tests="3" errors="0" skipped="1" failures="1">
  <properties>
[...]
</properties>
  <testcase name="logoPresence" classname="com.AllureReports.Tests1" time="0.478"/>
  <testcase name="loginTest" classname="com.AllureReports.Tests1" time="6.148">
    <failure message="expected [nopCommerce demo store.] but found [nopCommerce demo store]" type="java.lang.AssertionError">java.lang.AssertionError: expected [nopCommerce demo store.] but found [nopCommerce demo store]
	at com.AllureReports.Tests1.loginTest(Tests1.java:64)
</failure>
    <system-out><![CDATA[I am in onTestStart method loginTest start
I am in onTestFailure method loginTest failed
Screenshot captured for test case:loginTest
]]></system-out>
  </testcase>
  <testcase name="registrationTest" classname="com.AllureReports.Tests1" time="0">
    <skipped message="skipping this test"/>
    <system-out><![CDATA[I am in onTestStart method registrationTest start
I am in onTestSkipped method registrationTest skipped
]]></system-out>
  </testcase>
</testsuite>